<?xml version="1.0" encoding="UTF-8"?>
<!-- Generated by org.testng.reporters.JUnitReportReporter -->
<testsuite hostname="GaneshThanneru" failures="0" tests="1" name="tests.Login_Test" time="4.904" errors="0" timestamp="2025-02-26T11:39:32 IST" skipped="0">
  <testcase classname="tests.Login_Test" name="login_tests" time="4.904"/>
  <system-out/>
</testsuite> <!-- tests.Login_Test -->
