<?xml version="1.0" encoding="UTF-8"?>
<!-- Generated by org.testng.reporters.JUnitReportReporter -->
<testsuite hostname="GaneshThanneru" failures="0" tests="5" name="tests.ItemPageTests" time="38.453" errors="0" timestamp="2025-02-22T17:05:40 IST" skipped="0">
  <testcase classname="tests.ItemPageTests" name="item_details_visibility_tests" time="8.688"/>
  <system-out/>
  <testcase classname="tests.ItemPageTests" name="item_page_navigation_tests" time="7.197"/>
  <system-out/>
  <testcase classname="tests.ItemPageTests" name="item_page_navigation_tests" time="6.608"/>
  <system-out/>
  <testcase classname="tests.ItemPageTests" name="item_details_visibility_tests" time="7.894"/>
  <system-out/>
  <testcase classname="tests.ItemPageTests" name="item_page_navigation_tests" time="8.066"/>
  <system-out/>
</testsuite> <!-- tests.ItemPageTests -->
