<?xml version="1.0" encoding="UTF-8"?>
<!-- Generated by org.testng.reporters.JUnitReportReporter -->
<testsuite hostname="GaneshThanneru" failures="0" tests="5" name="tests.ItemPageTests" time="39.140" errors="0" timestamp="2025-02-20T09:17:41 IST" skipped="0">
  <testcase classname="tests.ItemPageTests" name="item_page_navigation_tests" time="8.172"/>
  <testcase classname="tests.ItemPageTests" name="item_page_navigation_tests" time="7.921"/>
  <testcase classname="tests.ItemPageTests" name="item_page_navigation_tests" time="7.261"/>
  <testcase classname="tests.ItemPageTests" name="item_details_visibility_tests" time="9.147"/>
  <testcase classname="tests.ItemPageTests" name="item_details_visibility_tests" time="6.639"/>
</testsuite> <!-- tests.ItemPageTests -->
