<?xml version="1.0" encoding="UTF-8"?>
<!-- Generated by org.testng.reporters.JUnitReportReporter -->
<testsuite hostname="GaneshThanneru" failures="0" tests="3" name="tests.Login_Test" time="21.969" errors="0" timestamp="2025-02-20T09:17:41 IST" skipped="0">
  <testcase classname="tests.Login_Test" name="login_tests" time="5.145"/>
  <testcase classname="tests.Login_Test" name="login_tests" time="11.740"/>
  <testcase classname="tests.Login_Test" name="login_tests" time="5.084"/>
</testsuite> <!-- tests.Login_Test -->
